<?xml version="1.0" encoding="UTF-8"?>
<testng-results ignored="0" total="6" passed="6" failed="0" skipped="0">
  <reporter-output>
  </reporter-output>
  <suite started-at="2024-09-21T00:35:33Z" name="NopCommerce" finished-at="2024-09-21T00:35:33Z" duration-ms="66">
    <groups>
    </groups>
    <test started-at="2024-09-21T00:35:33Z" name="Run on Firefox" finished-at="2024-09-21T00:35:33Z" duration-ms="66">
      <class name="com.nopcommerce.account.Account_01_Register">
        <test-method is-config="true" signature="beforeClass()[pri:0, instance:com.nopcommerce.account.Account_01_Register@752325ad]" started-at="2024-09-21T00:35:33Z" name="beforeClass" finished-at="2024-09-21T00:35:33Z" duration-ms="9" status="PASS">
          <reporter-output>
          </reporter-output>
        </test-method> <!-- beforeClass -->
        <test-method signature="Register_01_Empty_Data()[pri:0, instance:com.nopcommerce.account.Account_01_Register@752325ad]" started-at="2024-09-21T00:35:33Z" name="Register_01_Empty_Data" finished-at="2024-09-21T00:35:33Z" duration-ms="9" status="PASS">
          <reporter-output>
          </reporter-output>
        </test-method> <!-- Register_01_Empty_Data -->
        <test-method signature="Register_02_Invalid_Email()[pri:0, instance:com.nopcommerce.account.Account_01_Register@752325ad]" started-at="2024-09-21T00:35:33Z" name="Register_02_Invalid_Email" finished-at="2024-09-21T00:35:33Z" duration-ms="1" status="PASS">
          <reporter-output>
          </reporter-output>
        </test-method> <!-- Register_02_Invalid_Email -->
        <test-method signature="Register_03_Invalid_Password()[pri:0, instance:com.nopcommerce.account.Account_01_Register@752325ad]" started-at="2024-09-21T00:35:33Z" name="Register_03_Invalid_Password" finished-at="2024-09-21T00:35:33Z" duration-ms="3" status="PASS">
          <reporter-output>
          </reporter-output>
        </test-method> <!-- Register_03_Invalid_Password -->
        <test-method signature="Register_04_Invalid_Confirm_Password()[pri:0, instance:com.nopcommerce.account.Account_01_Register@752325ad]" started-at="2024-09-21T00:35:33Z" name="Register_04_Invalid_Confirm_Password" finished-at="2024-09-21T00:35:33Z" duration-ms="3" status="PASS">
          <reporter-output>
          </reporter-output>
        </test-method> <!-- Register_04_Invalid_Confirm_Password -->
        <test-method signature="Register_05_Success()[pri:0, instance:com.nopcommerce.account.Account_01_Register@752325ad]" started-at="2024-09-21T00:35:33Z" name="Register_05_Success" finished-at="2024-09-21T00:35:33Z" duration-ms="2" status="PASS">
          <reporter-output>
          </reporter-output>
        </test-method> <!-- Register_05_Success -->
        <test-method signature="f()[pri:0, instance:com.nopcommerce.account.Account_01_Register@752325ad]" started-at="2024-09-21T00:35:33Z" name="f" finished-at="2024-09-21T00:35:33Z" duration-ms="0" status="PASS">
          <reporter-output>
          </reporter-output>
        </test-method> <!-- f -->
        <test-method is-config="true" signature="afterClass()[pri:0, instance:com.nopcommerce.account.Account_01_Register@752325ad]" started-at="2024-09-21T00:35:33Z" name="afterClass" finished-at="2024-09-21T00:35:33Z" duration-ms="0" status="PASS">
          <reporter-output>
          </reporter-output>
        </test-method> <!-- afterClass -->
      </class> <!-- com.nopcommerce.account.Account_01_Register -->
    </test> <!-- Run on Firefox -->
  </suite> <!-- NopCommerce -->
</testng-results>
